TypeError: Cannot read property 'query' of undefined
    at connect.getConnection (/Users/wusimin7/Documents/jd_code/node-blog/blog-koa2/lib/db.js:23:18)
    at Handshake.onConnect (/Users/wusimin7/Documents/jd_code/node-blog/blog-koa2/node_modules/mysql/lib/Pool.js:58:9)
    at Handshake.<anonymous> (/Users/wusimin7/Documents/jd_code/node-blog/blog-koa2/node_modules/mysql/lib/Connection.js:525:10)
    at Handshake._callback (/Users/wusimin7/Documents/jd_code/node-blog/blog-koa2/node_modules/mysql/lib/Connection.js:491:16)
    at Handshake.Sequence.end (/Users/wusimin7/Documents/jd_code/node-blog/blog-koa2/node_modules/mysql/lib/protocol/sequences/Sequence.js:83:24)
    at Protocol.handleNetworkError (/Users/wusimin7/Documents/jd_code/node-blog/blog-koa2/node_modules/mysql/lib/protocol/Protocol.js:369:14)
    at PoolConnection.Connection._handleNetworkError (/Users/wusimin7/Documents/jd_code/node-blog/blog-koa2/node_modules/mysql/lib/Connection.js:421:18)
    at Socket.emit (events.js:189:13)
    at emitErrorNT (internal/streams/destroy.js:82:8)
    at emitErrorAndCloseNT (internal/streams/destroy.js:50:3)
TypeError: Cannot read property 'query' of undefined
    at connect.getConnection (/Users/wusimin7/Documents/jd_code/node-blog/blog-koa2/lib/db.js:23:18)
    at Handshake.onConnect (/Users/wusimin7/Documents/jd_code/node-blog/blog-koa2/node_modules/mysql/lib/Pool.js:58:9)
    at Handshake.<anonymous> (/Users/wusimin7/Documents/jd_code/node-blog/blog-koa2/node_modules/mysql/lib/Connection.js:525:10)
    at Handshake._callback (/Users/wusimin7/Documents/jd_code/node-blog/blog-koa2/node_modules/mysql/lib/Connection.js:491:16)
    at Handshake.Sequence.end (/Users/wusimin7/Documents/jd_code/node-blog/blog-koa2/node_modules/mysql/lib/protocol/sequences/Sequence.js:83:24)
    at Protocol.handleNetworkError (/Users/wusimin7/Documents/jd_code/node-blog/blog-koa2/node_modules/mysql/lib/protocol/Protocol.js:369:14)
    at PoolConnection.Connection._handleNetworkError (/Users/wusimin7/Documents/jd_code/node-blog/blog-koa2/node_modules/mysql/lib/Connection.js:421:18)
    at Socket.emit (events.js:189:13)
    at emitErrorNT (internal/streams/destroy.js:82:8)
    at emitErrorAndCloseNT (internal/streams/destroy.js:50:3)
TypeError: Cannot read property 'query' of undefined
    at connect.getConnection (/Users/wusimin7/Documents/jd_code/node-blog/blog-koa2/lib/db.js:23:18)
    at Handshake.onConnect (/Users/wusimin7/Documents/jd_code/node-blog/blog-koa2/node_modules/mysql/lib/Pool.js:58:9)
    at Handshake.<anonymous> (/Users/wusimin7/Documents/jd_code/node-blog/blog-koa2/node_modules/mysql/lib/Connection.js:525:10)
    at Handshake._callback (/Users/wusimin7/Documents/jd_code/node-blog/blog-koa2/node_modules/mysql/lib/Connection.js:491:16)
    at Handshake.Sequence.end (/Users/wusimin7/Documents/jd_code/node-blog/blog-koa2/node_modules/mysql/lib/protocol/sequences/Sequence.js:83:24)
    at Protocol.handleNetworkError (/Users/wusimin7/Documents/jd_code/node-blog/blog-koa2/node_modules/mysql/lib/protocol/Protocol.js:369:14)
    at PoolConnection.Connection._handleNetworkError (/Users/wusimin7/Documents/jd_code/node-blog/blog-koa2/node_modules/mysql/lib/Connection.js:421:18)
    at Socket.emit (events.js:189:13)
    at emitErrorNT (internal/streams/destroy.js:82:8)
    at emitErrorAndCloseNT (internal/streams/destroy.js:50:3)
TypeError: Cannot read property 'query' of undefined
    at connect.getConnection (/Users/wusimin7/Documents/jd_code/node-blog/blog-koa2/lib/db.js:23:18)
    at Handshake.onConnect (/Users/wusimin7/Documents/jd_code/node-blog/blog-koa2/node_modules/mysql/lib/Pool.js:58:9)
    at Handshake.<anonymous> (/Users/wusimin7/Documents/jd_code/node-blog/blog-koa2/node_modules/mysql/lib/Connection.js:525:10)
    at Handshake._callback (/Users/wusimin7/Documents/jd_code/node-blog/blog-koa2/node_modules/mysql/lib/Connection.js:491:16)
    at Handshake.Sequence.end (/Users/wusimin7/Documents/jd_code/node-blog/blog-koa2/node_modules/mysql/lib/protocol/sequences/Sequence.js:83:24)
    at Protocol.handleNetworkError (/Users/wusimin7/Documents/jd_code/node-blog/blog-koa2/node_modules/mysql/lib/protocol/Protocol.js:369:14)
    at PoolConnection.Connection._handleNetworkError (/Users/wusimin7/Documents/jd_code/node-blog/blog-koa2/node_modules/mysql/lib/Connection.js:421:18)
    at Socket.emit (events.js:189:13)
    at emitErrorNT (internal/streams/destroy.js:82:8)
    at emitErrorAndCloseNT (internal/streams/destroy.js:50:3)
TypeError: Cannot read property 'query' of undefined
    at connect.getConnection (/Users/wusimin7/Documents/jd_code/node-blog/blog-koa2/lib/db.js:23:18)
    at Handshake.onConnect (/Users/wusimin7/Documents/jd_code/node-blog/blog-koa2/node_modules/mysql/lib/Pool.js:58:9)
    at Handshake.<anonymous> (/Users/wusimin7/Documents/jd_code/node-blog/blog-koa2/node_modules/mysql/lib/Connection.js:525:10)
    at Handshake._callback (/Users/wusimin7/Documents/jd_code/node-blog/blog-koa2/node_modules/mysql/lib/Connection.js:491:16)
    at Handshake.Sequence.end (/Users/wusimin7/Documents/jd_code/node-blog/blog-koa2/node_modules/mysql/lib/protocol/sequences/Sequence.js:83:24)
    at Protocol.handleNetworkError (/Users/wusimin7/Documents/jd_code/node-blog/blog-koa2/node_modules/mysql/lib/protocol/Protocol.js:369:14)
    at PoolConnection.Connection._handleNetworkError (/Users/wusimin7/Documents/jd_code/node-blog/blog-koa2/node_modules/mysql/lib/Connection.js:421:18)
    at Socket.emit (events.js:189:13)
    at emitErrorNT (internal/streams/destroy.js:82:8)
    at emitErrorAndCloseNT (internal/streams/destroy.js:50:3)
TypeError: Cannot read property 'query' of undefined
    at connect.getConnection (/Users/wusimin7/Documents/jd_code/node-blog/blog-koa2/lib/db.js:23:18)
    at Handshake.onConnect (/Users/wusimin7/Documents/jd_code/node-blog/blog-koa2/node_modules/mysql/lib/Pool.js:58:9)
    at Handshake.<anonymous> (/Users/wusimin7/Documents/jd_code/node-blog/blog-koa2/node_modules/mysql/lib/Connection.js:525:10)
    at Handshake._callback (/Users/wusimin7/Documents/jd_code/node-blog/blog-koa2/node_modules/mysql/lib/Connection.js:491:16)
    at Handshake.Sequence.end (/Users/wusimin7/Documents/jd_code/node-blog/blog-koa2/node_modules/mysql/lib/protocol/sequences/Sequence.js:83:24)
    at Protocol.handleNetworkError (/Users/wusimin7/Documents/jd_code/node-blog/blog-koa2/node_modules/mysql/lib/protocol/Protocol.js:369:14)
    at PoolConnection.Connection._handleNetworkError (/Users/wusimin7/Documents/jd_code/node-blog/blog-koa2/node_modules/mysql/lib/Connection.js:421:18)
    at Socket.emit (events.js:189:13)
    at emitErrorNT (internal/streams/destroy.js:82:8)
    at emitErrorAndCloseNT (internal/streams/destroy.js:50:3)
TypeError: Cannot read property 'query' of undefined
    at connect.getConnection (/Users/wusimin7/Documents/jd_code/node-blog/blog-koa2/lib/db.js:23:18)
    at Handshake.onConnect (/Users/wusimin7/Documents/jd_code/node-blog/blog-koa2/node_modules/mysql/lib/Pool.js:58:9)
    at Handshake.<anonymous> (/Users/wusimin7/Documents/jd_code/node-blog/blog-koa2/node_modules/mysql/lib/Connection.js:525:10)
    at Handshake._callback (/Users/wusimin7/Documents/jd_code/node-blog/blog-koa2/node_modules/mysql/lib/Connection.js:491:16)
    at Handshake.Sequence.end (/Users/wusimin7/Documents/jd_code/node-blog/blog-koa2/node_modules/mysql/lib/protocol/sequences/Sequence.js:83:24)
    at Protocol.handleNetworkError (/Users/wusimin7/Documents/jd_code/node-blog/blog-koa2/node_modules/mysql/lib/protocol/Protocol.js:369:14)
    at PoolConnection.Connection._handleNetworkError (/Users/wusimin7/Documents/jd_code/node-blog/blog-koa2/node_modules/mysql/lib/Connection.js:421:18)
    at Socket.emit (events.js:189:13)
    at emitErrorNT (internal/streams/destroy.js:82:8)
    at emitErrorAndCloseNT (internal/streams/destroy.js:50:3)
TypeError: Cannot read property 'query' of undefined
    at connect.getConnection (/Users/wusimin7/Documents/jd_code/node-blog/blog-koa2/lib/db.js:23:18)
    at Handshake.onConnect (/Users/wusimin7/Documents/jd_code/node-blog/blog-koa2/node_modules/mysql/lib/Pool.js:58:9)
    at Handshake.<anonymous> (/Users/wusimin7/Documents/jd_code/node-blog/blog-koa2/node_modules/mysql/lib/Connection.js:525:10)
    at Handshake._callback (/Users/wusimin7/Documents/jd_code/node-blog/blog-koa2/node_modules/mysql/lib/Connection.js:491:16)
    at Handshake.Sequence.end (/Users/wusimin7/Documents/jd_code/node-blog/blog-koa2/node_modules/mysql/lib/protocol/sequences/Sequence.js:83:24)
    at Protocol.handleNetworkError (/Users/wusimin7/Documents/jd_code/node-blog/blog-koa2/node_modules/mysql/lib/protocol/Protocol.js:369:14)
    at PoolConnection.Connection._handleNetworkError (/Users/wusimin7/Documents/jd_code/node-blog/blog-koa2/node_modules/mysql/lib/Connection.js:421:18)
    at Socket.emit (events.js:189:13)
    at emitErrorNT (internal/streams/destroy.js:82:8)
    at emitErrorAndCloseNT (internal/streams/destroy.js:50:3)
TypeError: Cannot read property 'query' of undefined
    at connect.getConnection (/Users/wusimin7/Documents/jd_code/node-blog/blog-koa2/lib/db.js:23:18)
    at Handshake.onConnect (/Users/wusimin7/Documents/jd_code/node-blog/blog-koa2/node_modules/mysql/lib/Pool.js:58:9)
    at Handshake.<anonymous> (/Users/wusimin7/Documents/jd_code/node-blog/blog-koa2/node_modules/mysql/lib/Connection.js:525:10)
    at Handshake._callback (/Users/wusimin7/Documents/jd_code/node-blog/blog-koa2/node_modules/mysql/lib/Connection.js:491:16)
    at Handshake.Sequence.end (/Users/wusimin7/Documents/jd_code/node-blog/blog-koa2/node_modules/mysql/lib/protocol/sequences/Sequence.js:83:24)
    at Protocol.handleNetworkError (/Users/wusimin7/Documents/jd_code/node-blog/blog-koa2/node_modules/mysql/lib/protocol/Protocol.js:369:14)
    at PoolConnection.Connection._handleNetworkError (/Users/wusimin7/Documents/jd_code/node-blog/blog-koa2/node_modules/mysql/lib/Connection.js:421:18)
    at Socket.emit (events.js:189:13)
    at emitErrorNT (internal/streams/destroy.js:82:8)
    at emitErrorAndCloseNT (internal/streams/destroy.js:50:3)
TypeError: Cannot read property 'query' of undefined
    at connect.getConnection (/Users/wusimin7/Documents/jd_code/node-blog/blog-koa2/lib/db.js:23:18)
    at Handshake.onConnect (/Users/wusimin7/Documents/jd_code/node-blog/blog-koa2/node_modules/mysql/lib/Pool.js:58:9)
    at Handshake.<anonymous> (/Users/wusimin7/Documents/jd_code/node-blog/blog-koa2/node_modules/mysql/lib/Connection.js:525:10)
    at Handshake._callback (/Users/wusimin7/Documents/jd_code/node-blog/blog-koa2/node_modules/mysql/lib/Connection.js:491:16)
    at Handshake.Sequence.end (/Users/wusimin7/Documents/jd_code/node-blog/blog-koa2/node_modules/mysql/lib/protocol/sequences/Sequence.js:83:24)
    at Protocol.handleNetworkError (/Users/wusimin7/Documents/jd_code/node-blog/blog-koa2/node_modules/mysql/lib/protocol/Protocol.js:369:14)
    at PoolConnection.Connection._handleNetworkError (/Users/wusimin7/Documents/jd_code/node-blog/blog-koa2/node_modules/mysql/lib/Connection.js:421:18)
    at Socket.emit (events.js:189:13)
    at emitErrorNT (internal/streams/destroy.js:82:8)
    at emitErrorAndCloseNT (internal/streams/destroy.js:50:3)
TypeError: Cannot read property 'query' of undefined
    at connect.getConnection (/Users/wusimin7/Documents/jd_code/node-blog/blog-koa2/lib/db.js:23:18)
    at Handshake.onConnect (/Users/wusimin7/Documents/jd_code/node-blog/blog-koa2/node_modules/mysql/lib/Pool.js:58:9)
    at Handshake.<anonymous> (/Users/wusimin7/Documents/jd_code/node-blog/blog-koa2/node_modules/mysql/lib/Connection.js:525:10)
    at Handshake._callback (/Users/wusimin7/Documents/jd_code/node-blog/blog-koa2/node_modules/mysql/lib/Connection.js:491:16)
    at Handshake.Sequence.end (/Users/wusimin7/Documents/jd_code/node-blog/blog-koa2/node_modules/mysql/lib/protocol/sequences/Sequence.js:83:24)
    at Protocol.handleNetworkError (/Users/wusimin7/Documents/jd_code/node-blog/blog-koa2/node_modules/mysql/lib/protocol/Protocol.js:369:14)
    at PoolConnection.Connection._handleNetworkError (/Users/wusimin7/Documents/jd_code/node-blog/blog-koa2/node_modules/mysql/lib/Connection.js:421:18)
    at Socket.emit (events.js:189:13)
    at emitErrorNT (internal/streams/destroy.js:82:8)
    at emitErrorAndCloseNT (internal/streams/destroy.js:50:3)
